[debug] [2025-12-08T06:16:54.944Z] ----------------------------------------------------------------------
[debug] [2025-12-08T06:16:54.948Z] Command:       C:\Program Files\nodejs\node.exe C:\Users\Francisco\AppData\Roaming\npm\node_modules\firebase-tools\lib\bin\firebase.js deploy --only hosting
[debug] [2025-12-08T06:16:54.948Z] CLI Version:   14.27.0
[debug] [2025-12-08T06:16:54.948Z] Platform:      win32
[debug] [2025-12-08T06:16:54.948Z] Node Version:  v24.11.1
[debug] [2025-12-08T06:16:54.948Z] Time:          Mon Dec 08 2025 03:16:54 GMT-0300 (Horário Padrão de Brasília)
[debug] [2025-12-08T06:16:54.949Z] ----------------------------------------------------------------------
[debug] 
[debug] [2025-12-08T06:16:55.134Z] > command requires scopes: ["email","openid","https://www.googleapis.com/auth/cloudplatformprojects.readonly","https://www.googleapis.com/auth/firebase","https://www.googleapis.com/auth/cloud-platform"]
[debug] [2025-12-08T06:16:55.550Z] Running auto auth
[debug] [2025-12-08T06:16:55.550Z] [iam] checking project ciclo-integrado for permissions ["firebase.projects.get","firebasehosting.sites.update"]
[debug] [2025-12-08T06:16:55.551Z] No OAuth tokens found
[debug] [2025-12-08T06:16:55.552Z] >>> [apiv2][query] POST https://cloudresourcemanager.googleapis.com/v1/projects/ciclo-integrado:testIamPermissions [none]
[debug] [2025-12-08T06:16:55.552Z] >>> [apiv2][(partial)header] POST https://cloudresourcemanager.googleapis.com/v1/projects/ciclo-integrado:testIamPermissions x-goog-quota-user=projects/ciclo-integrado
[debug] [2025-12-08T06:16:55.552Z] >>> [apiv2][body] POST https://cloudresourcemanager.googleapis.com/v1/projects/ciclo-integrado:testIamPermissions {"permissions":["firebase.projects.get","firebasehosting.sites.update"]}
[debug] [2025-12-08T06:16:56.652Z] <<< [apiv2][status] POST https://cloudresourcemanager.googleapis.com/v1/projects/ciclo-integrado:testIamPermissions 200
[debug] [2025-12-08T06:16:56.652Z] <<< [apiv2][body] POST https://cloudresourcemanager.googleapis.com/v1/projects/ciclo-integrado:testIamPermissions {"permissions":["firebase.projects.get","firebasehosting.sites.update"]}
[debug] [2025-12-08T06:16:56.653Z] No OAuth tokens found
[debug] [2025-12-08T06:16:56.653Z] >>> [apiv2][query] GET https://firebase.googleapis.com/v1beta1/projects/ciclo-integrado [none]
[debug] [2025-12-08T06:16:57.252Z] <<< [apiv2][status] GET https://firebase.googleapis.com/v1beta1/projects/ciclo-integrado 200
[debug] [2025-12-08T06:16:57.252Z] <<< [apiv2][body] GET https://firebase.googleapis.com/v1beta1/projects/ciclo-integrado {"projectId":"ciclo-integrado","projectNumber":"342704656162","displayName":"Ciclo Integrado","name":"projects/ciclo-integrado","resources":{"hostingSite":"ciclo-integrado"},"state":"ACTIVE","etag":"1_211f14a8-7513-4d67-a612-a937453d08ee"}
[info] 
[info] === Deploying to 'ciclo-integrado'...
[info] 
[info] i  deploying hosting 
[debug] [2025-12-08T06:16:57.256Z] No OAuth tokens found
[debug] [2025-12-08T06:16:57.256Z] >>> [apiv2][query] POST https://firebasehosting.googleapis.com/v1beta1/projects/-/sites/ciclo-integrado/versions [none]
[debug] [2025-12-08T06:16:57.256Z] >>> [apiv2][body] POST https://firebasehosting.googleapis.com/v1beta1/projects/-/sites/ciclo-integrado/versions {"status":"CREATED","labels":{"deployment-tool":"cli-firebase"}}
[debug] [2025-12-08T06:16:58.751Z] <<< [apiv2][status] POST https://firebasehosting.googleapis.com/v1beta1/projects/-/sites/ciclo-integrado/versions 200
[debug] [2025-12-08T06:16:58.751Z] <<< [apiv2][body] POST https://firebasehosting.googleapis.com/v1beta1/projects/-/sites/ciclo-integrado/versions {"name":"projects/342704656162/sites/ciclo-integrado/versions/17be92b74a029ede","status":"CREATED","config":{},"labels":{"deployment-tool":"cli-firebase"}}
[info] i  hosting[ciclo-integrado]: beginning deploy... 
[info] i  hosting[ciclo-integrado]: found 35 files in . 
[debug] [2025-12-08T06:16:58.770Z] [hosting] uploading with 200 concurrency
[debug] [2025-12-08T06:16:58.784Z] No OAuth tokens found
[debug] [2025-12-08T06:16:58.785Z] [hosting] hash cache [] stored for 35 files
[debug] [2025-12-08T06:16:58.785Z] [hosting][hash queue][FINAL] {"max":8,"min":1,"avg":1.5142857142857142,"active":0,"complete":35,"success":35,"errored":0,"retried":0,"total":35,"elapsed":14}
[debug] [2025-12-08T06:16:58.785Z] >>> [apiv2][query] POST https://firebasehosting.googleapis.com/v1beta1/projects/342704656162/sites/ciclo-integrado/versions/17be92b74a029ede:populateFiles [none]
[debug] [2025-12-08T06:16:58.785Z] >>> [apiv2][body] POST https://firebasehosting.googleapis.com/v1beta1/projects/342704656162/sites/ciclo-integrado/versions/17be92b74a029ede:populateFiles {"files":{"/test-system.sh":"be7f1752508c6c9c22dd803bc4e9af52fb3014ef477ef4aae3752910e2fc5a94","/test-system.ps1":"9b6473e07d6fdb79c595acfcefc5791ec9f466ffaa64b0f286e7ee399a430095","/test-admin-dashboard.ps1":"5e260b70b26162d7c0e68ebe8620ea4f7cc97e3bd07c0f11ef0580ba0e0bae1d","/tailwind.config.js":"34e52d357d26e68e6e6fd1175e6aee839cc4d1b6197027292d091e49cf82b143","/STATUS-FINAL.txt":"0a7f8d0d8e4d1247c5d12fa3e58b9e6c5febcfb242cf591f8165e093c2ec8cab","/resumo-final.sh":"8d1d04418d724244f0b26f531b8999dfa168ef1170d724bd8ec1a5f892af9562","/LEIA-PRIMEIRO.txt":"063ee27b6e931fc9131c161b48f51e71f42b7e30a28810a30c0d972e347dac72","/index.html":"177cd9d85b633b279cdd94024cae6324f67db978471211759497db0374bff7d5","/IMPLEMENTACAO-CONCLUIDA.txt":"b58d2df35e55ac705d409a18e1e206bf0e2bb2e4b135377fb552c42235919bf7","/firestore-temp.rules":"48cb02c3052ab87a0da67714f78cbcb98aae1e72409b15b2fd5eea39fee60bbe","/deploy.sh":"58b57dbe90230978985573ef6297adfc3ff488e9ba2083e563ddb59116947806","/deploy-backend.ps1":"f403850839741eac81197f4621bf94ff2d40c65a36b7fde9cc31792955e451f3","/app.yaml":"c9d35af1017264e116f5b9967aec92329d51c785d5a104bafcd040a90c333757","/pages/notificacoes.html":"a48ef0c5853c228d01475938bdd9c1dd20560f509ac1268e9956347910044281","/pages/listagem-contratos.html":"1ebd9e786773b564275b676a4faa88b4162506899e8bb1fe03dc0973cddb1e46","/pages/gestao-usuarios-2.html":"4493d87eadbb2ef0fb3e904325ab5192995771629023c27bcc51090c20d295a7","/pages/gestao-usuarios-1.html":"c8f3247dfa1a3bde3e0d32f56c1f082f3d785459accafa254891ea513edaea02","/pages/detalhes-contrato-3.html":"ba400e47eab90c6d78741043020ed40730e3f93fb05cc48dbc3ff23c3c247683","/pages/detalhes-contrato-2.html":"700f2b148ba51432e32a506fac0840c6b48d9bcf02e15a73de86756958600596","/pages/detalhes-contrato-1.html":"2841ae574d7f4c6cef8cb1a4b4afc5e76090a5318d1473919fed6c7021626918","/pages/dashboard.html":"823d5be9c7c41776b4a563b6b9e40dc999b8bef18899e0a55c77307501817c31","/pages/cadastro-contratos.html":"7c16de82c892bb139d9883f754f2594cdc865e105cbe524fc3066a78e55f7627","/pages/admin-dashboard.html.backup":"6dc4f0803c96d1070ae37f8160a477fc7b20d89265f206aecdc10d256ce166d9","/pages/admin-dashboard.html":"7ebadba325a586745dc87e8e5b07efc81c9219dee21f881013d01a25c01b2bc4","/js/main.js":"42cdea4516d7416a05e71418cb9b47b257e11ec8bd5361e19718bfe3a465c3a3","/js/dashboard.js":"8139f652936042a17e49367ea368f7bbfffe169f772196f57eab9e483634ab71","/js/config.js":"6f6b746cfe3be96ccb767dbf9a739c2e8e050e816a85355f1fef646b79422611","/js/api.js":"4b7b6fb2fc4ecb6c5fbd9b9608c596a8ea02ac6f9e18c7e2399ea4698caac442","/css/styles.css":"d8e67eca35e4a5bdb62282cd3f192ab8742ebc18cc1545690fd0846099fbe490","/components/footer.html":"ebfd6c5b9028b0eda52690418bd7c1dde0ef1e2655e72d4e584e29d7a9adf367","/assets/images/logo_ciclo_integrado.png":"71e028774911a0f21062a1a8a23945088f9ecf04b6a8c308420fbdad60adc5d4","/assets/images/logo antiga.png":"69edb369b34e38f0eb16d6c837d707f5e9fdc700a71fac22ba2be3dac07d3ad9","/pages/login.html":"9825942b1e360c3f5091764200eb4d69a6b4872279d2a6210d6ec33e1497122c","/assets/images/slogan.png":"25ed9c22d55299f2615927d7a70facab498ed2966c70d94b7e48d15127bbdfe4","/assets/images/so_logo.png":"3c52ece37b6940196dbda7b5f347267238a52a31d48e88fa0b7571312e3806c7"}}
[debug] [2025-12-08T06:16:59.114Z] <<< [apiv2][status] POST https://firebasehosting.googleapis.com/v1beta1/projects/342704656162/sites/ciclo-integrado/versions/17be92b74a029ede:populateFiles 200
[debug] [2025-12-08T06:16:59.114Z] <<< [apiv2][body] POST https://firebasehosting.googleapis.com/v1beta1/projects/342704656162/sites/ciclo-integrado/versions/17be92b74a029ede:populateFiles {"uploadRequiredHashes":["3c52ece37b6940196dbda7b5f347267238a52a31d48e88fa0b7571312e3806c7","25ed9c22d55299f2615927d7a70facab498ed2966c70d94b7e48d15127bbdfe4","9825942b1e360c3f5091764200eb4d69a6b4872279d2a6210d6ec33e1497122c"],"uploadUrl":"https://upload-firebasehosting.googleapis.com/upload/sites/ciclo-integrado/versions/17be92b74a029ede/files"}
[debug] [2025-12-08T06:16:59.114Z] No OAuth tokens found
[debug] [2025-12-08T06:16:59.115Z] No OAuth tokens found
[debug] [2025-12-08T06:16:59.115Z] No OAuth tokens found
[debug] [2025-12-08T06:16:59.115Z] >>> [apiv2][query] POST https://upload-firebasehosting.googleapis.com/upload/sites/ciclo-integrado/versions/17be92b74a029ede/files/3c52ece37b6940196dbda7b5f347267238a52a31d48e88fa0b7571312e3806c7 [none]
[debug] [2025-12-08T06:16:59.115Z] >>> [apiv2][body] POST https://upload-firebasehosting.googleapis.com/upload/sites/ciclo-integrado/versions/17be92b74a029ede/files/3c52ece37b6940196dbda7b5f347267238a52a31d48e88fa0b7571312e3806c7 [stream]
[debug] [2025-12-08T06:16:59.116Z] >>> [apiv2][query] POST https://upload-firebasehosting.googleapis.com/upload/sites/ciclo-integrado/versions/17be92b74a029ede/files/25ed9c22d55299f2615927d7a70facab498ed2966c70d94b7e48d15127bbdfe4 [none]
[debug] [2025-12-08T06:16:59.116Z] >>> [apiv2][body] POST https://upload-firebasehosting.googleapis.com/upload/sites/ciclo-integrado/versions/17be92b74a029ede/files/25ed9c22d55299f2615927d7a70facab498ed2966c70d94b7e48d15127bbdfe4 [stream]
[debug] [2025-12-08T06:16:59.117Z] >>> [apiv2][query] POST https://upload-firebasehosting.googleapis.com/upload/sites/ciclo-integrado/versions/17be92b74a029ede/files/9825942b1e360c3f5091764200eb4d69a6b4872279d2a6210d6ec33e1497122c [none]
[debug] [2025-12-08T06:16:59.117Z] >>> [apiv2][body] POST https://upload-firebasehosting.googleapis.com/upload/sites/ciclo-integrado/versions/17be92b74a029ede/files/9825942b1e360c3f5091764200eb4d69a6b4872279d2a6210d6ec33e1497122c [stream]
[debug] [2025-12-08T06:16:59.118Z] [hosting][populate queue][FINAL] {"max":332,"min":332,"avg":332,"active":0,"complete":1,"success":1,"errored":0,"retried":0,"total":1,"elapsed":335}
[debug] [2025-12-08T06:16:59.118Z] [hosting] uploads queued: 3
